2026-03-16 19:48:33.108 +05:00 [INF] Now listening on: http://localhost:5288
2026-03-16 19:48:33.152 +05:00 [INF] Application started. Press Ctrl+C to shut down.
2026-03-16 19:48:33.154 +05:00 [INF] Hosting environment: Development
2026-03-16 19:48:33.156 +05:00 [INF] Content root path: C:\Users\Ismoil\OneDrive\Desktop\Programming\.Net\month1\week2\exam\WorkSpaceApi
2026-03-16 19:48:36.287 +05:00 [INF] Request starting HTTP/1.1 GET http://localhost:5288/ - null null
2026-03-16 19:48:36.345 +05:00 [WRN] Failed to determine the https port for redirect.
2026-03-16 19:48:36.358 +05:00 [INF] Request finished HTTP/1.1 GET http://localhost:5288/ - 404 0 null 73.1396ms
2026-03-16 19:48:36.377 +05:00 [INF] Request reached the end of the middleware pipeline without being handled by application code. Request path: GET http://localhost:5288/, Response status code: 404
2026-03-16 19:48:45.718 +05:00 [INF] Request starting HTTP/1.1 GET http://localhost:5288/swagger - null null
2026-03-16 19:48:45.733 +05:00 [INF] Request finished HTTP/1.1 GET http://localhost:5288/swagger - 301 0 null 16.5028ms
2026-03-16 19:48:45.751 +05:00 [INF] Request starting HTTP/1.1 GET http://localhost:5288/swagger/index.html - null null
2026-03-16 19:48:46.016 +05:00 [INF] Request finished HTTP/1.1 GET http://localhost:5288/swagger/index.html - 200 null text/html;charset=utf-8 265.8815ms
2026-03-16 19:48:46.144 +05:00 [INF] Request starting HTTP/1.1 GET http://localhost:5288/swagger/swagger-ui.css - null null
2026-03-16 19:48:46.147 +05:00 [INF] Request starting HTTP/1.1 GET http://localhost:5288/swagger/index.css - null null
2026-03-16 19:48:46.148 +05:00 [INF] Request starting HTTP/1.1 GET http://localhost:5288/swagger/swagger-ui-standalone-preset.js - null null
2026-03-16 19:48:46.148 +05:00 [INF] Request starting HTTP/1.1 GET http://localhost:5288/swagger/swagger-ui-bundle.js - null null
2026-03-16 19:48:46.149 +05:00 [INF] Request starting HTTP/1.1 GET http://localhost:5288/swagger/index.js - null null
2026-03-16 19:48:46.195 +05:00 [INF] Request finished HTTP/1.1 GET http://localhost:5288/swagger/index.js - 200 null application/javascript;charset=utf-8 45.4611ms
2026-03-16 19:48:46.202 +05:00 [INF] Request finished HTTP/1.1 GET http://localhost:5288/swagger/index.css - 200 152 text/css 54.8772ms
2026-03-16 19:48:46.202 +05:00 [INF] Request finished HTTP/1.1 GET http://localhost:5288/swagger/swagger-ui.css - 200 26388 text/css 57.4969ms
2026-03-16 19:48:46.240 +05:00 [INF] Request finished HTTP/1.1 GET http://localhost:5288/swagger/swagger-ui-standalone-preset.js - 200 76581 text/javascript 91.5588ms
2026-03-16 19:48:46.240 +05:00 [INF] Request finished HTTP/1.1 GET http://localhost:5288/swagger/swagger-ui-bundle.js - 200 417806 text/javascript 91.4903ms
2026-03-16 19:48:46.474 +05:00 [INF] Request starting HTTP/1.1 GET http://localhost:5288/swagger/v1/swagger.json - null null
2026-03-16 19:48:46.483 +05:00 [INF] Request starting HTTP/1.1 GET http://localhost:5288/swagger/favicon-32x32.png - null null
2026-03-16 19:48:46.522 +05:00 [INF] Request finished HTTP/1.1 GET http://localhost:5288/swagger/favicon-32x32.png - 200 628 image/png 38.6984ms
2026-03-16 19:48:46.945 +05:00 [INF] Request finished HTTP/1.1 GET http://localhost:5288/swagger/v1/swagger.json - 200 null application/json;charset=utf-8 471.9047ms
2026-03-16 19:48:54.073 +05:00 [INF] Request starting HTTP/1.1 GET http://localhost:5288/api/companies - null null
2026-03-16 19:48:54.086 +05:00 [INF] Executing endpoint 'WorkSpaceApi.Controllers.CompanyController.GetAllAsync (WorkSpaceApi)'
2026-03-16 19:48:54.138 +05:00 [INF] Route matched with {action = "GetAll", controller = "Company"}. Executing controller action with signature System.Threading.Tasks.Task`1[Microsoft.AspNetCore.Mvc.IActionResult] GetAllAsync() on controller WorkSpaceApi.Controllers.CompanyController (WorkSpaceApi).
2026-03-16 19:48:54.160 +05:00 [INF] Executed action WorkSpaceApi.Controllers.CompanyController.GetAllAsync (WorkSpaceApi) in 4.8188ms
2026-03-16 19:48:54.169 +05:00 [INF] Executed endpoint 'WorkSpaceApi.Controllers.CompanyController.GetAllAsync (WorkSpaceApi)'
2026-03-16 19:48:54.174 +05:00 [ERR] An unhandled exception has occurred while executing the request.
System.InvalidOperationException: Unable to resolve service for type 'Infrastructure.Interfaces.ICompanyService' while attempting to activate 'WorkSpaceApi.Controllers.CompanyController'.
   at Microsoft.Extensions.DependencyInjection.ActivatorUtilities.ThrowHelperUnableToResolveService(Type type, Type requiredBy)
   at lambda_method9(Closure, IServiceProvider, Object[])
   at Microsoft.AspNetCore.Mvc.Controllers.ControllerFactoryProvider.<>c__DisplayClass6_0.<CreateControllerFactory>g__CreateController|0(ControllerContext controllerContext)
   at Microsoft.AspNetCore.Mvc.Infrastructure.ControllerActionInvoker.Next(State& next, Scope& scope, Object& state, Boolean& isCompleted)
   at Microsoft.AspNetCore.Mvc.Infrastructure.ControllerActionInvoker.InvokeInnerFilterAsync()
--- End of stack trace from previous location ---
   at Microsoft.AspNetCore.Mvc.Infrastructure.ResourceInvoker.<InvokeFilterPipelineAsync>g__Awaited|20_0(ResourceInvoker invoker, Task lastTask, State next, Scope scope, Object state, Boolean isCompleted)
   at Microsoft.AspNetCore.Mvc.Infrastructure.ResourceInvoker.<InvokeAsync>g__Logged|17_1(ResourceInvoker invoker)
   at Microsoft.AspNetCore.Mvc.Infrastructure.ResourceInvoker.<InvokeAsync>g__Logged|17_1(ResourceInvoker invoker)
   at Microsoft.AspNetCore.Routing.EndpointMiddleware.<Invoke>g__AwaitRequestTask|7_0(Endpoint endpoint, Task requestTask, ILogger logger)
   at Swashbuckle.AspNetCore.SwaggerUI.SwaggerUIMiddleware.Invoke(HttpContext httpContext)
   at Swashbuckle.AspNetCore.Swagger.SwaggerMiddleware.Invoke(HttpContext httpContext, ISwaggerProvider swaggerProvider)
   at Microsoft.AspNetCore.Authorization.AuthorizationMiddleware.Invoke(HttpContext context)
   at Microsoft.AspNetCore.Authentication.AuthenticationMiddleware.Invoke(HttpContext context)
   at Microsoft.AspNetCore.Diagnostics.DeveloperExceptionPageMiddlewareImpl.Invoke(HttpContext context)
2026-03-16 19:48:54.241 +05:00 [INF] Request finished HTTP/1.1 GET http://localhost:5288/api/companies - 500 null text/plain; charset=utf-8 167.6021ms
2026-03-16 19:51:35.783 +05:00 [INF] Application is shutting down...
2026-03-16 19:52:19.718 +05:00 [INF] Now listening on: http://localhost:5288
2026-03-16 19:52:19.769 +05:00 [INF] Application started. Press Ctrl+C to shut down.
2026-03-16 19:52:19.772 +05:00 [INF] Hosting environment: Development
2026-03-16 19:52:19.774 +05:00 [INF] Content root path: C:\Users\Ismoil\OneDrive\Desktop\Programming\.Net\month1\week2\exam\WorkSpaceApi
2026-03-16 19:52:26.940 +05:00 [INF] Request starting HTTP/1.1 GET http://localhost:5288/swagger/index.html - null null
2026-03-16 19:52:27.229 +05:00 [INF] Request finished HTTP/1.1 GET http://localhost:5288/swagger/index.html - 304 null null 295.2465ms
2026-03-16 19:52:27.260 +05:00 [INF] Request starting HTTP/1.1 GET http://localhost:5288/swagger/swagger-ui-standalone-preset.js - null null
2026-03-16 19:52:27.260 +05:00 [INF] Request starting HTTP/1.1 GET http://localhost:5288/swagger/swagger-ui-bundle.js - null null
2026-03-16 19:52:27.260 +05:00 [INF] Request starting HTTP/1.1 GET http://localhost:5288/swagger/index.css - null null
2026-03-16 19:52:27.261 +05:00 [INF] Request starting HTTP/1.1 GET http://localhost:5288/swagger/index.js - null null
2026-03-16 19:52:27.273 +05:00 [INF] Request starting HTTP/1.1 GET http://localhost:5288/swagger/swagger-ui.css - null null
2026-03-16 19:52:27.304 +05:00 [INF] Request finished HTTP/1.1 GET http://localhost:5288/swagger/index.js - 304 null null 44.1527ms
2026-03-16 19:52:27.341 +05:00 [INF] Request finished HTTP/1.1 GET http://localhost:5288/swagger/swagger-ui.css - 304 null null 67.8471ms
2026-03-16 19:52:27.341 +05:00 [INF] Request finished HTTP/1.1 GET http://localhost:5288/swagger/swagger-ui-standalone-preset.js - 304 null null 82.4172ms
2026-03-16 19:52:27.341 +05:00 [INF] Request finished HTTP/1.1 GET http://localhost:5288/swagger/index.css - 304 null null 82.862ms
2026-03-16 19:52:27.342 +05:00 [INF] Request finished HTTP/1.1 GET http://localhost:5288/swagger/swagger-ui-bundle.js - 304 null null 83.5603ms
2026-03-16 19:52:27.625 +05:00 [INF] Request starting HTTP/1.1 GET http://localhost:5288/swagger/v1/swagger.json - null null
2026-03-16 19:52:27.631 +05:00 [INF] Request starting HTTP/1.1 GET http://localhost:5288/swagger/favicon-32x32.png - null null
2026-03-16 19:52:27.640 +05:00 [INF] Request finished HTTP/1.1 GET http://localhost:5288/swagger/favicon-32x32.png - 304 null null 8.7454ms
2026-03-16 19:52:27.966 +05:00 [INF] Request finished HTTP/1.1 GET http://localhost:5288/swagger/v1/swagger.json - 200 null application/json;charset=utf-8 340.93ms
2026-03-16 19:52:31.024 +05:00 [INF] Request starting HTTP/1.1 GET http://localhost:5288/api/companies - null null
2026-03-16 19:52:31.037 +05:00 [WRN] Failed to determine the https port for redirect.
2026-03-16 19:52:31.043 +05:00 [INF] Executing endpoint 'WorkSpaceApi.Controllers.CompanyController.GetAllAsync (WorkSpaceApi)'
2026-03-16 19:52:31.096 +05:00 [INF] Route matched with {action = "GetAll", controller = "Company"}. Executing controller action with signature System.Threading.Tasks.Task`1[Microsoft.AspNetCore.Mvc.IActionResult] GetAllAsync() on controller WorkSpaceApi.Controllers.CompanyController (WorkSpaceApi).
2026-03-16 19:52:31.139 +05:00 [INF] Start GetAllAsync companies
2026-03-16 19:52:31.947 +05:00 [INF] Successfully get 3 companies
2026-03-16 19:52:31.975 +05:00 [INF] Executing OkObjectResult, writing value of type 'System.Collections.Generic.List`1[[Domain.Entities.Company, Domain, Version=1.0.0.0, Culture=neutral, PublicKeyToken=null]]'.
2026-03-16 19:52:32.030 +05:00 [INF] Executed action WorkSpaceApi.Controllers.CompanyController.GetAllAsync (WorkSpaceApi) in 919.5653ms
2026-03-16 19:52:32.034 +05:00 [INF] Executed endpoint 'WorkSpaceApi.Controllers.CompanyController.GetAllAsync (WorkSpaceApi)'
2026-03-16 19:52:32.038 +05:00 [INF] Request finished HTTP/1.1 GET http://localhost:5288/api/companies - 200 null application/json; charset=utf-8 1013.3383ms
